{"uuid":"7f8665a0-23a7-47a8-b415-4ad0db4266ca","historyId":"a1368ebf8ff8ec11b94f7da0a5b34ad0","testCaseId":"[engine:junit-jupiter]/[class:test.BuyCreditTest]/[method:checkWrongMonth_3_Credit()]","testCaseName":"В кредит: Проверка некорректного ввода месяца (спецсимволы)","fullName":"test.BuyCreditTest.checkWrongMonth_3_Credit","labels":[{"name":"junit.platform.uniqueid","value":"[engine:junit-jupiter]/[class:test.BuyCreditTest]/[method:checkWrongMonth_3_Credit()]"},{"name":"host","value":"MacBook-Pro-Andrej.local"},{"name":"thread","value":"52006@MacBook-Pro-Andrej.local.Test worker(1)"},{"name":"framework","value":"junit-platform"},{"name":"language","value":"java"},{"name":"package","value":"test.BuyCreditTest"},{"name":"testClass","value":"test.BuyCreditTest"},{"name":"testMethod","value":"checkWrongMonth_3_Credit"},{"name":"suite","value":"test.BuyCreditTest"}],"links":[],"name":"В кредит: Проверка некорректного ввода месяца (спецсимволы)","status":"failed","statusDetails":{"known":false,"muted":false,"flaky":false,"message":"Element not found {.input__sub.findBy(exact text \"Поле обязательно для заполнения\")}\nExpected: visible\nScreenshot: file:/Users/bawoper/Desktop/QAdiplom/diplom/build/reports/tests/1757353862929.11.png\nPage source: file:/Users/bawoper/Desktop/QAdiplom/diplom/build/reports/tests/1757353862929.11.html\nTimeout: 4 s.\nCaused by: NoSuchElementException: Cannot locate an element .input__sub.findBy(exact text \"Поле обязательно для заполнения\")","trace":"Element not found {.input__sub.findBy(exact text \"Поле обязательно для заполнения\")}\nExpected: visible\nScreenshot: file:/Users/bawoper/Desktop/QAdiplom/diplom/build/reports/tests/1757353862929.11.png\nPage source: file:/Users/bawoper/Desktop/QAdiplom/diplom/build/reports/tests/1757353862929.11.html\nTimeout: 4 s.\nCaused by: NoSuchElementException: Cannot locate an element .input__sub.findBy(exact text \"Поле обязательно для заполнения\")\n\tat com.codeborne.selenide.impl.WebElementSource.createElementNotFoundError(WebElementSource.java:91)\n\tat com.codeborne.selenide.impl.WebElementSource.handleError(WebElementSource.java:143)\n\tat com.codeborne.selenide.impl.WebElementSource.checkConditionAndReturnElement(WebElementSource.java:127)\n\tat com.codeborne.selenide.impl.WebElementSource.checkCondition(WebElementSource.java:104)\n\tat com.codeborne.selenide.commands.Should.execute(Should.java:30)\n\tat com.codeborne.selenide.commands.Should.execute(Should.java:14)\n\tat com.codeborne.selenide.commands.Commands.execute(Commands.java:165)\n\tat com.codeborne.selenide.impl.SelenideElementProxy.dispatchAndRetry(SelenideElementProxy.java:132)\n\tat com.codeborne.selenide.impl.SelenideElementProxy.invoke(SelenideElementProxy.java:84)\n\tat com.sun.proxy.$Proxy15.shouldBe(Unknown Source)\n\tat DataHelper.PurchaseTour.checkMessageFilledField(PurchaseTour.java:70)\n\tat test.BuyCreditTest.checkWrongMonth_3_Credit(BuyCreditTest.java:212)\n\tat java.base/java.lang.reflect.Method.invoke(Method.java:566)\n\tat java.base/java.util.ArrayList.forEach(ArrayList.java:1541)\n\tat java.base/java.util.ArrayList.forEach(ArrayList.java:1541)\nCaused by: org.openqa.selenium.NoSuchElementException: Cannot locate an element .input__sub.findBy(exact text \"Поле обязательно для заполнения\")\nFor documentation on this error, please visit: https://www.selenium.dev/documentation/webdriver/troubleshooting/errors#no-such-element-exception\nBuild info: version: '4.13.0', revision: 'ba948ece5b*'\nSystem info: os.name: 'Mac OS X', os.arch: 'aarch64', os.version: '15.6.1', java.version: '11.0.26'\nDriver info: driver.version: unknown\n\tat com.codeborne.selenide.impl.CollectionElementByCondition.getWebElement(CollectionElementByCondition.java:55)\n\tat com.codeborne.selenide.impl.WebElementSource.checkConditionAndReturnElement(WebElementSource.java:116)\n\t... 12 more\n"},"stage":"finished","description":"","steps":[{"name":"$(\".button__content.findBy(exact text \"Купить в кредит\")\") click()","status":"passed","stage":"finished","steps":[],"attachments":[],"parameters":[],"start":1757353858549,"stop":1757353858585},{"name":"$(\".heading_theme_alfa-on-white.findBy(exact text \"Кредит по данным карты\")\") should be(visible)","status":"passed","stage":"finished","steps":[],"attachments":[],"parameters":[],"start":1757353858585,"stop":1757353858600},{"name":"$(\"[placeholder='0000 0000 0000 0000']\") set value(4444 4444 4444 4441)","status":"passed","stage":"finished","steps":[],"attachments":[],"parameters":[],"start":1757353858600,"stop":1757353858643},{"name":"$(\".input__control.findBy(attribute placeholder=\"08\")\") set value(&^)","status":"passed","stage":"finished","steps":[],"attachments":[],"parameters":[],"start":1757353858643,"stop":1757353858687},{"name":"$(\".input__control.findBy(attribute placeholder=\"22\")\") set value(26)","status":"passed","stage":"finished","steps":[],"attachments":[],"parameters":[],"start":1757353858688,"stop":1757353858735},{"name":"$(\"[class='input__control'][3]\") set value(LESA SCHAMBERGER SR.)","status":"passed","stage":"finished","steps":[],"attachments":[],"parameters":[],"start":1757353858735,"stop":1757353858778},{"name":"$(\".input__control.findBy(attribute placeholder=\"999\")\") set value(193)","status":"passed","stage":"finished","steps":[],"attachments":[],"parameters":[],"start":1757353858778,"stop":1757353858833},{"name":"$(\"[class='button__content'].findBy(text \"Продолжить\")\") click()","status":"passed","stage":"finished","steps":[],"attachments":[],"parameters":[],"start":1757353858833,"stop":1757353858877},{"name":"$(\".input__sub.findBy(exact text \"Поле обязательно для заполнения\")\") should be(visible)","status":"failed","statusDetails":{"known":false,"muted":false,"flaky":false,"message":"Element not found {.input__sub.findBy(exact text \"Поле обязательно для заполнения\")}\nExpected: visible\nScreenshot: file:/Users/bawoper/Desktop/QAdiplom/diplom/build/reports/tests/1757353862929.11.png\nPage source: file:/Users/bawoper/Desktop/QAdiplom/diplom/build/reports/tests/1757353862929.11.html\nTimeout: 4 s.\nCaused by: NoSuchElementException: Cannot locate an element .input__sub.findBy(exact text \"Поле обязательно для заполнения\")","trace":"Element not found {.input__sub.findBy(exact text \"Поле обязательно для заполнения\")}\nExpected: visible\nScreenshot: file:/Users/bawoper/Desktop/QAdiplom/diplom/build/reports/tests/1757353862929.11.png\nPage source: file:/Users/bawoper/Desktop/QAdiplom/diplom/build/reports/tests/1757353862929.11.html\nTimeout: 4 s.\nCaused by: NoSuchElementException: Cannot locate an element .input__sub.findBy(exact text \"Поле обязательно для заполнения\")\n\tat com.codeborne.selenide.impl.WebElementSource.createElementNotFoundError(WebElementSource.java:91)\n\tat com.codeborne.selenide.impl.WebElementSource.handleError(WebElementSource.java:143)\n\tat com.codeborne.selenide.impl.WebElementSource.checkConditionAndReturnElement(WebElementSource.java:127)\n\tat com.codeborne.selenide.impl.WebElementSource.checkCondition(WebElementSource.java:104)\n\tat com.codeborne.selenide.commands.Should.execute(Should.java:30)\n\tat com.codeborne.selenide.commands.Should.execute(Should.java:14)\n\tat com.codeborne.selenide.commands.Commands.execute(Commands.java:165)\n\tat com.codeborne.selenide.impl.SelenideElementProxy.dispatchAndRetry(SelenideElementProxy.java:132)\n\tat com.codeborne.selenide.impl.SelenideElementProxy.invoke(SelenideElementProxy.java:84)\n\tat com.sun.proxy.$Proxy15.shouldBe(Unknown Source)\n\tat DataHelper.PurchaseTour.checkMessageFilledField(PurchaseTour.java:70)\n\tat test.BuyCreditTest.checkWrongMonth_3_Credit(BuyCreditTest.java:212)\n\tat java.base/jdk.internal.reflect.NativeMethodAccessorImpl.invoke0(Native Method)\n\tat java.base/jdk.internal.reflect.NativeMethodAccessorImpl.invoke(NativeMethodAccessorImpl.java:62)\n\tat java.base/jdk.internal.reflect.DelegatingMethodAccessorImpl.invoke(DelegatingMethodAccessorImpl.java:43)\n\tat java.base/java.lang.reflect.Method.invoke(Method.java:566)\n\tat org.junit.platform.commons.util.ReflectionUtils.invokeMethod(ReflectionUtils.java:728)\n\tat org.junit.jupiter.engine.execution.MethodInvocation.proceed(MethodInvocation.java:60)\n\tat org.junit.jupiter.engine.execution.InvocationInterceptorChain$ValidatingInvocation.proceed(InvocationInterceptorChain.java:131)\n\tat org.junit.jupiter.api.extension.InvocationInterceptor.interceptTestMethod(InvocationInterceptor.java:119)\n\tat org.junit.jupiter.engine.execution.InterceptingExecutableInvoker$ReflectiveInterceptorCall.lambda$ofVoidMethod$0(InterceptingExecutableInvoker.java:103)\n\tat org.junit.jupiter.engine.execution.InterceptingExecutableInvoker.lambda$invoke$0(InterceptingExecutableInvoker.java:93)\n\tat org.junit.jupiter.engine.execution.InvocationInterceptorChain$InterceptedInvocation.proceed(InvocationInterceptorChain.java:106)\n\tat org.junit.jupiter.engine.extension.TimeoutExtension.intercept(TimeoutExtension.java:156)\n\tat org.junit.jupiter.engine.extension.TimeoutExtension.interceptTestableMethod(TimeoutExtension.java:147)\n\tat org.junit.jupiter.engine.extension.TimeoutExtension.interceptTestMethod(TimeoutExtension.java:86)\n\tat org.junit.jupiter.engine.execution.InterceptingExecutableInvoker$ReflectiveInterceptorCall.lambda$ofVoidMethod$0(InterceptingExecutableInvoker.java:103)\n\tat org.junit.jupiter.engine.execution.InterceptingExecutableInvoker.lambda$invoke$0(InterceptingExecutableInvoker.java:93)\n\tat org.junit.jupiter.engine.execution.InvocationInterceptorChain$InterceptedInvocation.proceed(InvocationInterceptorChain.java:106)\n\tat org.junit.jupiter.engine.execution.InvocationInterceptorChain.proceed(InvocationInterceptorChain.java:64)\n\tat org.junit.jupiter.engine.execution.InvocationInterceptorChain.chainAndInvoke(InvocationInterceptorChain.java:45)\n\tat org.junit.jupiter.engine.execution.InvocationInterceptorChain.invoke(InvocationInterceptorChain.java:37)\n\tat org.junit.jupiter.engine.execution.InterceptingExecutableInvoker.invoke(InterceptingExecutableInvoker.java:92)\n\tat org.junit.jupiter.engine.execution.InterceptingExecutableInvoker.invoke(InterceptingExecutableInvoker.java:86)\n\tat org.junit.jupiter.engine.descriptor.TestMethodTestDescriptor.lambda$invokeTestMethod$7(TestMethodTestDescriptor.java:218)\n\tat org.junit.platform.engine.support.hierarchical.ThrowableCollector.execute(ThrowableCollector.java:73)\n\tat org.junit.jupiter.engine.descriptor.TestMethodTestDescriptor.invokeTestMethod(TestMethodTestDescriptor.java:214)\n\tat org.junit.jupiter.engine.descriptor.TestMethodTestDescriptor.execute(TestMethodTestDescriptor.java:139)\n\tat org.junit.jupiter.engine.descriptor.TestMethodTestDescriptor.execute(TestMethodTestDescriptor.java:69)\n\tat org.junit.platform.engine.support.hierarchical.NodeTestTask.lambda$executeRecursively$6(NodeTestTask.java:151)\n\tat org.junit.platform.engine.support.hierarchical.ThrowableCollector.execute(ThrowableCollector.java:73)\n\tat org.junit.platform.engine.support.hierarchical.NodeTestTask.lambda$executeRecursively$8(NodeTestTask.java:141)\n\tat org.junit.platform.engine.support.hierarchical.Node.around(Node.java:137)\n\tat org.junit.platform.engine.support.hierarchical.NodeTestTask.lambda$executeRecursively$9(NodeTestTask.java:139)\n\tat org.junit.platform.engine.support.hierarchical.ThrowableCollector.execute(ThrowableCollector.java:73)\n\tat org.junit.platform.engine.support.hierarchical.NodeTestTask.executeRecursively(NodeTestTask.java:138)\n\tat org.junit.platform.engine.support.hierarchical.NodeTestTask.execute(NodeTestTask.java:95)\n\tat java.base/java.util.ArrayList.forEach(ArrayList.java:1541)\n\tat org.junit.platform.engine.support.hierarchical.SameThreadHierarchicalTestExecutorService.invokeAll(SameThreadHierarchicalTestExecutorService.java:41)\n\tat org.junit.platform.engine.support.hierarchical.NodeTestTask.lambda$executeRecursively$6(NodeTestTask.java:155)\n\tat org.junit.platform.engine.support.hierarchical.ThrowableCollector.execute(ThrowableCollector.java:73)\n\tat org.junit.platform.engine.support.hierarchical.NodeTestTask.lambda$executeRecursively$8(NodeTestTask.java:141)\n\tat org.junit.platform.engine.support.hierarchical.Node.around(Node.java:137)\n\tat org.junit.platform.engine.support.hierarchical.NodeTestTask.lambda$executeRecursively$9(NodeTestTask.java:139)\n\tat org.junit.platform.engine.support.hierarchical.ThrowableCollector.execute(ThrowableCollector.java:73)\n\tat org.junit.platform.engine.support.hierarchical.NodeTestTask.executeRecursively(NodeTestTask.java:138)\n\tat org.junit.platform.engine.support.hierarchical.NodeTestTask.execute(NodeTestTask.java:95)\n\tat java.base/java.util.ArrayList.forEach(ArrayList.java:1541)\n\tat org.junit.platform.engine.support.hierarchical.SameThreadHierarchicalTestExecutorService.invokeAll(SameThreadHierarchicalTestExecutorService.java:41)\n\tat org.junit.platform.engine.support.hierarchical.NodeTestTask.lambda$executeRecursively$6(NodeTestTask.java:155)\n\tat org.junit.platform.engine.support.hierarchical.ThrowableCollector.execute(ThrowableCollector.java:73)\n\tat org.junit.platform.engine.support.hierarchical.NodeTestTask.lambda$executeRecursively$8(NodeTestTask.java:141)\n\tat org.junit.platform.engine.support.hierarchical.Node.around(Node.java:137)\n\tat org.junit.platform.engine.support.hierarchical.NodeTestTask.lambda$executeRecursively$9(NodeTestTask.java:139)\n\tat org.junit.platform.engine.support.hierarchical.ThrowableCollector.execute(ThrowableCollector.java:73)\n\tat org.junit.platform.engine.support.hierarchical.NodeTestTask.executeRecursively(NodeTestTask.java:138)\n\tat org.junit.platform.engine.support.hierarchical.NodeTestTask.execute(NodeTestTask.java:95)\n\tat org.junit.platform.engine.support.hierarchical.SameThreadHierarchicalTestExecutorService.submit(SameThreadHierarchicalTestExecutorService.java:35)\n\tat org.junit.platform.engine.support.hierarchical.HierarchicalTestExecutor.execute(HierarchicalTestExecutor.java:57)\n\tat org.junit.platform.engine.support.hierarchical.HierarchicalTestEngine.execute(HierarchicalTestEngine.java:54)\n\tat org.junit.platform.launcher.core.EngineExecutionOrchestrator.execute(EngineExecutionOrchestrator.java:198)\n\tat org.junit.platform.launcher.core.EngineExecutionOrchestrator.execute(EngineExecutionOrchestrator.java:169)\n\tat org.junit.platform.launcher.core.EngineExecutionOrchestrator.execute(EngineExecutionOrchestrator.java:93)\n\tat org.junit.platform.launcher.core.EngineExecutionOrchestrator.lambda$execute$0(EngineExecutionOrchestrator.java:58)\n\tat org.junit.platform.launcher.core.EngineExecutionOrchestrator.withInterceptedStreams(EngineExecutionOrchestrator.java:141)\n\tat org.junit.platform.launcher.core.EngineExecutionOrchestrator.execute(EngineExecutionOrchestrator.java:57)\n\tat org.junit.platform.launcher.core.DefaultLauncher.execute(DefaultLauncher.java:103)\n\tat org.junit.platform.launcher.core.DefaultLauncher.execute(DefaultLauncher.java:85)\n\tat org.junit.platform.launcher.core.DelegatingLauncher.execute(DelegatingLauncher.java:47)\n\tat org.junit.platform.launcher.core.SessionPerRequestLauncher.execute(SessionPerRequestLauncher.java:63)\n\tat org.gradle.api.internal.tasks.testing.junitplatform.JUnitPlatformTestClassProcessor$CollectAllTestClassesExecutor.processAllTestClasses(JUnitPlatformTestClassProcessor.java:99)\n\tat org.gradle.api.internal.tasks.testing.junitplatform.JUnitPlatformTestClassProcessor$CollectAllTestClassesExecutor.access$000(JUnitPlatformTestClassProcessor.java:79)\n\tat org.gradle.api.internal.tasks.testing.junitplatform.JUnitPlatformTestClassProcessor.stop(JUnitPlatformTestClassProcessor.java:75)\n\tat org.gradle.api.internal.tasks.testing.SuiteTestClassProcessor.stop(SuiteTestClassProcessor.java:62)\n\tat java.base/jdk.internal.reflect.NativeMethodAccessorImpl.invoke0(Native Method)\n\tat java.base/jdk.internal.reflect.NativeMethodAccessorImpl.invoke(NativeMethodAccessorImpl.java:62)\n\tat java.base/jdk.internal.reflect.DelegatingMethodAccessorImpl.invoke(DelegatingMethodAccessorImpl.java:43)\n\tat java.base/java.lang.reflect.Method.invoke(Method.java:566)\n\tat org.gradle.internal.dispatch.ReflectionDispatch.dispatch(ReflectionDispatch.java:36)\n\tat org.gradle.internal.dispatch.ReflectionDispatch.dispatch(ReflectionDispatch.java:24)\n\tat org.gradle.internal.dispatch.ContextClassLoaderDispatch.dispatch(ContextClassLoaderDispatch.java:33)\n\tat org.gradle.internal.dispatch.ProxyDispatchAdapter$DispatchingInvocationHandler.invoke(ProxyDispatchAdapter.java:94)\n\tat com.sun.proxy.$Proxy2.stop(Unknown Source)\n\tat org.gradle.api.internal.tasks.testing.worker.TestWorker$3.run(TestWorker.java:193)\n\tat org.gradle.api.internal.tasks.testing.worker.TestWorker.executeAndMaintainThreadName(TestWorker.java:129)\n\tat org.gradle.api.internal.tasks.testing.worker.TestWorker.execute(TestWorker.java:100)\n\tat org.gradle.api.internal.tasks.testing.worker.TestWorker.execute(TestWorker.java:60)\n\tat org.gradle.process.internal.worker.child.ActionExecutionWorker.execute(ActionExecutionWorker.java:56)\n\tat org.gradle.process.internal.worker.child.SystemApplicationClassLoaderWorker.call(SystemApplicationClassLoaderWorker.java:113)\n\tat org.gradle.process.internal.worker.child.SystemApplicationClassLoaderWorker.call(SystemApplicationClassLoaderWorker.java:65)\n\tat worker.org.gradle.process.internal.worker.GradleWorkerMain.run(GradleWorkerMain.java:69)\n\tat worker.org.gradle.process.internal.worker.GradleWorkerMain.main(GradleWorkerMain.java:74)\nCaused by: org.openqa.selenium.NoSuchElementException: Cannot locate an element .input__sub.findBy(exact text \"Поле обязательно для заполнения\")\nFor documentation on this error, please visit: https://www.selenium.dev/documentation/webdriver/troubleshooting/errors#no-such-element-exception\nBuild info: version: '4.13.0', revision: 'ba948ece5b*'\nSystem info: os.name: 'Mac OS X', os.arch: 'aarch64', os.version: '15.6.1', java.version: '11.0.26'\nDriver info: driver.version: unknown\n\tat com.codeborne.selenide.impl.CollectionElementByCondition.getWebElement(CollectionElementByCondition.java:55)\n\tat com.codeborne.selenide.impl.WebElementSource.checkConditionAndReturnElement(WebElementSource.java:116)\n\t... 99 more\n"},"stage":"finished","steps":[],"attachments":[{"name":"Screenshot","source":"5ae34125-deca-4929-80c5-588a1c98e48a-attachment.png","type":"image/png"},{"name":"Page source","source":"d0290fa1-b2a1-4c40-92ae-0c256a03bc64-attachment.html","type":"text/html"}],"parameters":[],"start":1757353858877,"stop":1757353863051}],"attachments":[],"parameters":[],"start":1757353858537,"stop":1757353863069}